{"/Users/mintaboku/Projects/color_gradient_gen/src/color.js":{"path":"/Users/mintaboku/Projects/color_gradient_gen/src/color.js","s":{"1":1,"2":5,"3":5,"4":5,"5":5,"6":5,"7":5,"8":3,"9":5,"10":5,"11":5,"12":1,"13":5,"14":1,"15":5,"16":2,"17":2,"18":2,"19":2,"20":0,"21":2,"22":0,"23":2,"24":0,"25":2,"26":2,"27":2,"28":2,"29":0,"30":2,"31":2,"32":0,"33":0,"34":2,"35":2,"36":2,"37":2,"38":5,"39":1,"40":1,"41":5,"42":1,"43":1,"44":5,"45":1,"46":1,"47":1,"48":1,"49":5,"50":3,"51":1,"52":6,"53":6,"54":0,"55":6,"56":1,"57":6,"58":1,"59":5,"60":2,"61":3,"62":1,"63":2,"64":6,"65":3,"66":1,"67":2,"68":2,"69":2,"70":2,"71":2,"72":2,"73":3,"74":1},"b":{"1":[5,4],"2":[5,4],"3":[5,4],"4":[5,4],"5":[2,1],"6":[0,2],"7":[0,2],"8":[0,0],"9":[0,2],"10":[2,0],"11":[0,2],"12":[2,2],"13":[2,0],"14":[2,2],"15":[0,0],"16":[0,6],"17":[1,5],"18":[1,5],"19":[2,3],"20":[5,5],"21":[1,2],"22":[3,3],"23":[1,2],"24":[1,1]},"f":{"1":5,"2":3,"3":5,"4":1,"5":1,"6":2,"7":1,"8":1,"9":1,"10":3,"11":6},"fnMap":{"1":{"name":"Color","line":1,"loc":{"start":{"line":1,"column":0},"end":{"line":1,"column":27}}},"2":{"name":"num2Hex","line":9,"loc":{"start":{"line":9,"column":16},"end":{"line":9,"column":36}}},"3":{"name":"(anonymous_3)","line":13,"loc":{"start":{"line":13,"column":21},"end":{"line":13,"column":33}}},"4":{"name":"(anonymous_4)","line":16,"loc":{"start":{"line":16,"column":22},"end":{"line":16,"column":34}}},"5":{"name":"(anonymous_5)","line":19,"loc":{"start":{"line":19,"column":21},"end":{"line":19,"column":33}}},"6":{"name":"(anonymous_6)","line":22,"loc":{"start":{"line":22,"column":15},"end":{"line":22,"column":27}}},"7":{"name":"(anonymous_7)","line":54,"loc":{"start":{"line":54,"column":21},"end":{"line":54,"column":33}}},"8":{"name":"(anonymous_8)","line":59,"loc":{"start":{"line":59,"column":22},"end":{"line":59,"column":34}}},"9":{"name":"(anonymous_9)","line":64,"loc":{"start":{"line":64,"column":20},"end":{"line":64,"column":33}}},"10":{"name":"(anonymous_10)","line":71,"loc":{"start":{"line":71,"column":20},"end":{"line":71,"column":34}}},"11":{"name":"fixRGB","line":74,"loc":{"start":{"line":74,"column":4},"end":{"line":74,"column":29}}}},"statementMap":{"1":{"start":{"line":1,"column":0},"end":{"line":106,"column":1}},"2":{"start":{"line":2,"column":2},"end":{"line":2,"column":19}},"3":{"start":{"line":4,"column":2},"end":{"line":4,"column":24}},"4":{"start":{"line":5,"column":2},"end":{"line":5,"column":24}},"5":{"start":{"line":6,"column":2},"end":{"line":6,"column":24}},"6":{"start":{"line":7,"column":2},"end":{"line":7,"column":24}},"7":{"start":{"line":9,"column":2},"end":{"line":11,"column":4}},"8":{"start":{"line":10,"column":4},"end":{"line":10,"column":48}},"9":{"start":{"line":13,"column":2},"end":{"line":15,"column":4}},"10":{"start":{"line":14,"column":4},"end":{"line":14,"column":68}},"11":{"start":{"line":16,"column":2},"end":{"line":18,"column":4}},"12":{"start":{"line":17,"column":4},"end":{"line":17,"column":86}},"13":{"start":{"line":19,"column":2},"end":{"line":21,"column":4}},"14":{"start":{"line":20,"column":4},"end":{"line":20,"column":72}},"15":{"start":{"line":22,"column":2},"end":{"line":52,"column":4}},"16":{"start":{"line":23,"column":4},"end":{"line":23,"column":56}},"17":{"start":{"line":24,"column":4},"end":{"line":24,"column":56}},"18":{"start":{"line":25,"column":4},"end":{"line":25,"column":16}},"19":{"start":{"line":27,"column":4},"end":{"line":35,"column":5}},"20":{"start":{"line":28,"column":6},"end":{"line":28,"column":12}},"21":{"start":{"line":29,"column":11},"end":{"line":35,"column":5}},"22":{"start":{"line":30,"column":6},"end":{"line":30,"column":89}},"23":{"start":{"line":31,"column":11},"end":{"line":35,"column":5}},"24":{"start":{"line":32,"column":6},"end":{"line":32,"column":63}},"25":{"start":{"line":33,"column":11},"end":{"line":35,"column":5}},"26":{"start":{"line":34,"column":6},"end":{"line":34,"column":63}},"27":{"start":{"line":37,"column":4},"end":{"line":37,"column":26}},"28":{"start":{"line":39,"column":4},"end":{"line":45,"column":5}},"29":{"start":{"line":40,"column":6},"end":{"line":40,"column":12}},"30":{"start":{"line":41,"column":11},"end":{"line":45,"column":5}},"31":{"start":{"line":42,"column":6},"end":{"line":42,"column":36}},"32":{"start":{"line":43,"column":11},"end":{"line":45,"column":5}},"33":{"start":{"line":44,"column":6},"end":{"line":44,"column":42}},"34":{"start":{"line":47,"column":4},"end":{"line":47,"column":22}},"35":{"start":{"line":48,"column":4},"end":{"line":48,"column":28}},"36":{"start":{"line":49,"column":4},"end":{"line":49,"column":28}},"37":{"start":{"line":51,"column":4},"end":{"line":51,"column":32}},"38":{"start":{"line":54,"column":2},"end":{"line":57,"column":3}},"39":{"start":{"line":55,"column":4},"end":{"line":55,"column":28}},"40":{"start":{"line":56,"column":4},"end":{"line":56,"column":64}},"41":{"start":{"line":59,"column":2},"end":{"line":62,"column":3}},"42":{"start":{"line":60,"column":4},"end":{"line":60,"column":28}},"43":{"start":{"line":61,"column":4},"end":{"line":61,"column":82}},"44":{"start":{"line":64,"column":2},"end":{"line":69,"column":4}},"45":{"start":{"line":65,"column":4},"end":{"line":65,"column":40}},"46":{"start":{"line":66,"column":4},"end":{"line":66,"column":40}},"47":{"start":{"line":67,"column":4},"end":{"line":67,"column":40}},"48":{"start":{"line":68,"column":4},"end":{"line":68,"column":17}},"49":{"start":{"line":71,"column":2},"end":{"line":105,"column":3}},"50":{"start":{"line":72,"column":4},"end":{"line":72,"column":40}},"51":{"start":{"line":74,"column":4},"end":{"line":91,"column":5}},"52":{"start":{"line":75,"column":6},"end":{"line":75,"column":16}},"53":{"start":{"line":77,"column":6},"end":{"line":78,"column":14}},"54":{"start":{"line":78,"column":8},"end":{"line":78,"column":14}},"55":{"start":{"line":79,"column":6},"end":{"line":80,"column":14}},"56":{"start":{"line":80,"column":8},"end":{"line":80,"column":14}},"57":{"start":{"line":81,"column":6},"end":{"line":88,"column":18}},"58":{"start":{"line":82,"column":8},"end":{"line":82,"column":42}},"59":{"start":{"line":83,"column":11},"end":{"line":88,"column":18}},"60":{"start":{"line":84,"column":8},"end":{"line":84,"column":18}},"61":{"start":{"line":85,"column":11},"end":{"line":88,"column":18}},"62":{"start":{"line":86,"column":8},"end":{"line":86,"column":54}},"63":{"start":{"line":88,"column":8},"end":{"line":88,"column":18}},"64":{"start":{"line":90,"column":6},"end":{"line":90,"column":38}},"65":{"start":{"line":93,"column":4},"end":{"line":102,"column":5}},"66":{"start":{"line":94,"column":6},"end":{"line":94,"column":38}},"67":{"start":{"line":96,"column":6},"end":{"line":96,"column":58}},"68":{"start":{"line":97,"column":6},"end":{"line":97,"column":24}},"69":{"start":{"line":98,"column":6},"end":{"line":98,"column":18}},"70":{"start":{"line":99,"column":6},"end":{"line":99,"column":42}},"71":{"start":{"line":100,"column":6},"end":{"line":100,"column":32}},"72":{"start":{"line":101,"column":6},"end":{"line":101,"column":42}},"73":{"start":{"line":104,"column":4},"end":{"line":104,"column":16}},"74":{"start":{"line":108,"column":0},"end":{"line":108,"column":33}}},"branchMap":{"1":{"line":4,"type":"binary-expr","locations":[{"start":{"line":4,"column":11},"end":{"line":4,"column":18}},{"start":{"line":4,"column":22},"end":{"line":4,"column":23}}]},"2":{"line":5,"type":"binary-expr","locations":[{"start":{"line":5,"column":11},"end":{"line":5,"column":18}},{"start":{"line":5,"column":22},"end":{"line":5,"column":23}}]},"3":{"line":6,"type":"binary-expr","locations":[{"start":{"line":6,"column":11},"end":{"line":6,"column":18}},{"start":{"line":6,"column":22},"end":{"line":6,"column":23}}]},"4":{"line":7,"type":"binary-expr","locations":[{"start":{"line":7,"column":11},"end":{"line":7,"column":18}},{"start":{"line":7,"column":22},"end":{"line":7,"column":23}}]},"5":{"line":10,"type":"cond-expr","locations":[{"start":{"line":10,"column":21},"end":{"line":10,"column":23}},{"start":{"line":10,"column":26},"end":{"line":10,"column":29}}]},"6":{"line":27,"type":"if","locations":[{"start":{"line":27,"column":4},"end":{"line":27,"column":4}},{"start":{"line":27,"column":4},"end":{"line":27,"column":4}}]},"7":{"line":29,"type":"if","locations":[{"start":{"line":29,"column":11},"end":{"line":29,"column":11}},{"start":{"line":29,"column":11},"end":{"line":29,"column":11}}]},"8":{"line":30,"type":"cond-expr","locations":[{"start":{"line":30,"column":80},"end":{"line":30,"column":81}},{"start":{"line":30,"column":84},"end":{"line":30,"column":87}}]},"9":{"line":31,"type":"if","locations":[{"start":{"line":31,"column":11},"end":{"line":31,"column":11}},{"start":{"line":31,"column":11},"end":{"line":31,"column":11}}]},"10":{"line":33,"type":"if","locations":[{"start":{"line":33,"column":11},"end":{"line":33,"column":11}},{"start":{"line":33,"column":11},"end":{"line":33,"column":11}}]},"11":{"line":39,"type":"if","locations":[{"start":{"line":39,"column":4},"end":{"line":39,"column":4}},{"start":{"line":39,"column":4},"end":{"line":39,"column":4}}]},"12":{"line":39,"type":"binary-expr","locations":[{"start":{"line":39,"column":8},"end":{"line":39,"column":15}},{"start":{"line":39,"column":19},"end":{"line":39,"column":30}}]},"13":{"line":41,"type":"if","locations":[{"start":{"line":41,"column":11},"end":{"line":41,"column":11}},{"start":{"line":41,"column":11},"end":{"line":41,"column":11}}]},"14":{"line":41,"type":"binary-expr","locations":[{"start":{"line":41,"column":15},"end":{"line":41,"column":20}},{"start":{"line":41,"column":24},"end":{"line":41,"column":32}}]},"15":{"line":43,"type":"if","locations":[{"start":{"line":43,"column":11},"end":{"line":43,"column":11}},{"start":{"line":43,"column":11},"end":{"line":43,"column":11}}]},"16":{"line":77,"type":"if","locations":[{"start":{"line":77,"column":6},"end":{"line":77,"column":6}},{"start":{"line":77,"column":6},"end":{"line":77,"column":6}}]},"17":{"line":79,"type":"if","locations":[{"start":{"line":79,"column":6},"end":{"line":79,"column":6}},{"start":{"line":79,"column":6},"end":{"line":79,"column":6}}]},"18":{"line":81,"type":"if","locations":[{"start":{"line":81,"column":6},"end":{"line":81,"column":6}},{"start":{"line":81,"column":6},"end":{"line":81,"column":6}}]},"19":{"line":83,"type":"if","locations":[{"start":{"line":83,"column":11},"end":{"line":83,"column":11}},{"start":{"line":83,"column":11},"end":{"line":83,"column":11}}]},"20":{"line":83,"type":"binary-expr","locations":[{"start":{"line":83,"column":16},"end":{"line":83,"column":26}},{"start":{"line":83,"column":30},"end":{"line":83,"column":37}}]},"21":{"line":85,"type":"if","locations":[{"start":{"line":85,"column":11},"end":{"line":85,"column":11}},{"start":{"line":85,"column":11},"end":{"line":85,"column":11}}]},"22":{"line":85,"type":"binary-expr","locations":[{"start":{"line":85,"column":16},"end":{"line":85,"column":24}},{"start":{"line":85,"column":28},"end":{"line":85,"column":37}}]},"23":{"line":93,"type":"if","locations":[{"start":{"line":93,"column":4},"end":{"line":93,"column":4}},{"start":{"line":93,"column":4},"end":{"line":93,"column":4}}]},"24":{"line":96,"type":"cond-expr","locations":[{"start":{"line":96,"column":24},"end":{"line":96,"column":37}},{"start":{"line":96,"column":40},"end":{"line":96,"column":57}}]}}}}