TN:
SF:/Users/mintaboku/Projects/color_gradient_gen/src/color.js
FN:1,Color
FN:9,num2Hex
FN:13,(anonymous_3)
FN:16,(anonymous_4)
FN:19,(anonymous_5)
FN:22,(anonymous_6)
FN:54,(anonymous_7)
FN:59,(anonymous_8)
FN:64,(anonymous_9)
FN:71,(anonymous_10)
FN:74,fixRGB
FNF:11
FNH:11
FNDA:5,Color
FNDA:3,num2Hex
FNDA:5,(anonymous_3)
FNDA:1,(anonymous_4)
FNDA:1,(anonymous_5)
FNDA:2,(anonymous_6)
FNDA:1,(anonymous_7)
FNDA:1,(anonymous_8)
FNDA:1,(anonymous_9)
FNDA:3,(anonymous_10)
FNDA:6,fixRGB
DA:1,1
DA:2,5
DA:4,5
DA:5,5
DA:6,5
DA:7,5
DA:9,5
DA:10,3
DA:13,5
DA:14,5
DA:16,5
DA:17,1
DA:19,5
DA:20,1
DA:22,5
DA:23,2
DA:24,2
DA:25,2
DA:27,2
DA:28,0
DA:29,2
DA:30,0
DA:31,2
DA:32,0
DA:33,2
DA:34,2
DA:37,2
DA:39,2
DA:40,0
DA:41,2
DA:42,2
DA:43,0
DA:44,0
DA:47,2
DA:48,2
DA:49,2
DA:51,2
DA:54,5
DA:55,1
DA:56,1
DA:59,5
DA:60,1
DA:61,1
DA:64,5
DA:65,1
DA:66,1
DA:67,1
DA:68,1
DA:71,5
DA:72,3
DA:74,1
DA:75,6
DA:77,6
DA:78,0
DA:79,6
DA:80,1
DA:81,6
DA:82,1
DA:83,5
DA:84,2
DA:85,3
DA:86,1
DA:88,2
DA:90,6
DA:93,3
DA:94,1
DA:96,2
DA:97,2
DA:98,2
DA:99,2
DA:100,2
DA:101,2
DA:104,3
DA:108,1
LF:74
LH:67
BRDA:4,1,0,5
BRDA:4,1,1,4
BRDA:5,2,0,5
BRDA:5,2,1,4
BRDA:6,3,0,5
BRDA:6,3,1,4
BRDA:7,4,0,5
BRDA:7,4,1,4
BRDA:10,5,0,2
BRDA:10,5,1,1
BRDA:27,6,0,0
BRDA:27,6,1,2
BRDA:29,7,0,0
BRDA:29,7,1,2
BRDA:30,8,0,0
BRDA:30,8,1,0
BRDA:31,9,0,0
BRDA:31,9,1,2
BRDA:33,10,0,2
BRDA:33,10,1,0
BRDA:39,11,0,0
BRDA:39,11,1,2
BRDA:39,12,0,2
BRDA:39,12,1,2
BRDA:41,13,0,2
BRDA:41,13,1,0
BRDA:41,14,0,2
BRDA:41,14,1,2
BRDA:43,15,0,0
BRDA:43,15,1,0
BRDA:77,16,0,0
BRDA:77,16,1,6
BRDA:79,17,0,1
BRDA:79,17,1,5
BRDA:81,18,0,1
BRDA:81,18,1,5
BRDA:83,19,0,2
BRDA:83,19,1,3
BRDA:83,20,0,5
BRDA:83,20,1,5
BRDA:85,21,0,1
BRDA:85,21,1,2
BRDA:85,22,0,3
BRDA:85,22,1,3
BRDA:93,23,0,1
BRDA:93,23,1,2
BRDA:96,24,0,1
BRDA:96,24,1,1
BRF:48
BRH:37
end_of_record
