TN:
SF:/Users/mintaboku/Projects/color_gradient_gen/src/color.js
FN:1,Color
FN:9,num2Hex
FN:13,(anonymous_3)
FN:16,(anonymous_4)
FN:19,(anonymous_5)
FN:22,(anonymous_6)
FN:54,(anonymous_7)
FN:59,(anonymous_8)
FN:64,(anonymous_9)
FN:71,(anonymous_10)
FN:74,fixRGB
FNF:11
FNH:11
FNDA:15,Color
FNDA:3,num2Hex
FNDA:10,(anonymous_3)
FNDA:2,(anonymous_4)
FNDA:1,(anonymous_5)
FNDA:10,(anonymous_6)
FNDA:5,(anonymous_7)
FNDA:1,(anonymous_8)
FNDA:1,(anonymous_9)
FNDA:8,(anonymous_10)
FNDA:21,fixRGB
DA:1,1
DA:2,15
DA:4,15
DA:5,15
DA:6,15
DA:7,15
DA:9,15
DA:10,3
DA:13,15
DA:14,10
DA:16,15
DA:17,2
DA:19,15
DA:20,1
DA:22,15
DA:23,10
DA:24,10
DA:25,10
DA:27,10
DA:28,1
DA:29,9
DA:30,1
DA:31,8
DA:32,1
DA:33,7
DA:34,7
DA:37,10
DA:39,10
DA:40,1
DA:41,9
DA:42,6
DA:43,3
DA:44,3
DA:47,10
DA:48,10
DA:49,10
DA:51,10
DA:54,15
DA:55,5
DA:56,5
DA:59,15
DA:60,1
DA:61,1
DA:64,15
DA:65,1
DA:66,1
DA:67,1
DA:68,1
DA:71,15
DA:72,8
DA:74,1
DA:75,21
DA:77,21
DA:78,1
DA:79,21
DA:80,1
DA:81,21
DA:82,2
DA:83,19
DA:84,7
DA:85,12
DA:86,5
DA:88,7
DA:90,21
DA:93,8
DA:94,1
DA:96,7
DA:97,7
DA:98,7
DA:99,7
DA:100,7
DA:101,7
DA:104,8
DA:108,1
LF:74
LH:74
BRDA:4,1,0,15
BRDA:4,1,1,6
BRDA:5,2,0,15
BRDA:5,2,1,6
BRDA:6,3,0,15
BRDA:6,3,1,6
BRDA:7,4,0,15
BRDA:7,4,1,14
BRDA:10,5,0,2
BRDA:10,5,1,1
BRDA:27,6,0,1
BRDA:27,6,1,9
BRDA:29,7,0,1
BRDA:29,7,1,8
BRDA:30,8,0,0
BRDA:30,8,1,1
BRDA:31,9,0,1
BRDA:31,9,1,7
BRDA:33,10,0,7
BRDA:33,10,1,0
BRDA:39,11,0,1
BRDA:39,11,1,9
BRDA:39,12,0,10
BRDA:39,12,1,10
BRDA:41,13,0,6
BRDA:41,13,1,3
BRDA:41,14,0,9
BRDA:41,14,1,9
BRDA:43,15,0,3
BRDA:43,15,1,0
BRDA:77,16,0,1
BRDA:77,16,1,20
BRDA:79,17,0,1
BRDA:79,17,1,20
BRDA:81,18,0,2
BRDA:81,18,1,19
BRDA:83,19,0,7
BRDA:83,19,1,12
BRDA:83,20,0,19
BRDA:83,20,1,19
BRDA:85,21,0,5
BRDA:85,21,1,7
BRDA:85,22,0,12
BRDA:85,22,1,12
BRDA:93,23,0,1
BRDA:93,23,1,7
BRDA:96,24,0,4
BRDA:96,24,1,3
BRF:48
BRH:45
end_of_record
TN:
SF:/Users/mintaboku/Projects/color_gradient_gen/src/op.js
FN:1,minus
FN:5,plus
FN:9,hslChange
FN:18,hslMinus
FN:22,hslPlus
FN:26,lighter
FN:30,darker
FN:34,colorful
FN:38,fade
FNF:9
FNH:9
FNDA:2,minus
FNDA:2,plus
FNDA:4,hslChange
FNDA:2,hslMinus
FNDA:2,hslPlus
FNDA:1,lighter
FNDA:1,darker
FNDA:1,colorful
FNDA:1,fade
DA:1,1
DA:2,2
DA:5,1
DA:6,2
DA:9,1
DA:10,4
DA:11,4
DA:12,4
DA:14,4
DA:15,4
DA:18,1
DA:19,2
DA:22,1
DA:23,2
DA:26,1
DA:27,1
DA:30,1
DA:31,1
DA:34,1
DA:35,1
DA:38,1
DA:39,1
DA:42,1
DA:48,1
LF:24
LH:24
BRDA:11,1,0,4
BRDA:11,1,1,0
BRF:2
BRH:1
end_of_record
